<?xml version="1.0" encoding="UTF-8"?>
<testng-results ignored="0" total="1" passed="0" failed="1" skipped="0">
  <reporter-output>
  </reporter-output>
  <suite started-at="2025-03-24T23:10:09 IST" name="Default suite" finished-at="2025-03-24T23:11:24 IST" duration-ms="74925">
    <groups>
    </groups>
    <test started-at="2025-03-24T23:10:09 IST" name="Default test" finished-at="2025-03-24T23:11:24 IST" duration-ms="74925">
      <class name="tcRepo.TC_002">
        <test-method is-config="true" signature="dbConnection()[pri:0, instance:tcRepo.TC_002@5c5eefef]" started-at="2025-03-24T23:10:07 IST" name="dbConnection" finished-at="2025-03-24T23:10:09 IST" duration-ms="1968" status="PASS">
          <reporter-output>
          </reporter-output>
        </test-method> <!-- dbConnection -->
        <test-method is-config="true" signature="launchBrowser(java.lang.String)[pri:0, instance:tcRepo.TC_002@5c5eefef]" started-at="2025-03-24T23:10:10 IST" name="launchBrowser" finished-at="2025-03-24T23:10:29 IST" duration-ms="19495" status="PASS">
          <params>
            <param index="0">
              <value>
                <![CDATA[chrome]]>
              </value>
            </param>
          </params>
          <reporter-output>
          </reporter-output>
        </test-method> <!-- launchBrowser -->
        <test-method is-config="true" signature="loginOperation()[pri:0, instance:tcRepo.TC_002@5c5eefef]" started-at="2025-03-24T23:10:29 IST" name="loginOperation" finished-at="2025-03-24T23:10:45 IST" duration-ms="15491" status="PASS">
          <reporter-output>
          </reporter-output>
        </test-method> <!-- loginOperation -->
        <test-method signature="leads_002()[pri:0, instance:tcRepo.TC_002@5c5eefef]" started-at="2025-03-24T23:10:45 IST" name="leads_002" finished-at="2025-03-24T23:11:17 IST" duration-ms="32904" status="FAIL">
          <exception class="java.lang.AssertionError">
            <message>
              <![CDATA[null]]>
            </message>
            <full-stacktrace>
              <![CDATA[java.lang.AssertionError: null
at org.testng.Assert.fail(Assert.java:99)
at org.testng.Assert.fail(Assert.java:106)
at tcRepo.TC_002.leads_002(TC_002.java:37)
at java.base/jdk.internal.reflect.DirectMethodHandleAccessor.invoke(DirectMethodHandleAccessor.java:103)
at java.base/java.lang.reflect.Method.invoke(Method.java:580)
at org.testng.internal.MethodInvocationHelper.invokeMethod(MethodInvocationHelper.java:133)
at org.testng.internal.TestInvoker.invokeMethod(TestInvoker.java:598)
at org.testng.internal.TestInvoker.invokeTestMethod(TestInvoker.java:173)
at org.testng.internal.MethodRunner.runInSequence(MethodRunner.java:46)
at org.testng.internal.TestInvoker$MethodInvocationAgent.invoke(TestInvoker.java:824)
at org.testng.internal.TestInvoker.invokeTestMethods(TestInvoker.java:146)
at org.testng.internal.TestMethodWorker.invokeTestMethods(TestMethodWorker.java:146)
at org.testng.internal.TestMethodWorker.run(TestMethodWorker.java:128)
at java.base/java.util.ArrayList.forEach(ArrayList.java:1596)
at org.testng.TestRunner.privateRun(TestRunner.java:794)
at org.testng.TestRunner.run(TestRunner.java:596)
at org.testng.SuiteRunner.runTest(SuiteRunner.java:377)
at org.testng.SuiteRunner.runSequentially(SuiteRunner.java:371)
at org.testng.SuiteRunner.privateRun(SuiteRunner.java:332)
at org.testng.SuiteRunner.run(SuiteRunner.java:276)
at org.testng.SuiteRunnerWorker.runSuite(SuiteRunnerWorker.java:53)
at org.testng.SuiteRunnerWorker.run(SuiteRunnerWorker.java:96)
at org.testng.TestNG.runSuitesSequentially(TestNG.java:1212)
at org.testng.TestNG.runSuitesLocally(TestNG.java:1134)
at org.testng.TestNG.runSuites(TestNG.java:1063)
at org.testng.TestNG.run(TestNG.java:1031)
at org.testng.remote.AbstractRemoteTestNG.run(AbstractRemoteTestNG.java:115)
at org.testng.remote.RemoteTestNG.initAndRun(RemoteTestNG.java:293)
at org.testng.remote.RemoteTestNG.main(RemoteTestNG.java:91)
]]>
            </full-stacktrace>
          </exception> <!-- java.lang.AssertionError -->
          <reporter-output>
          </reporter-output>
        </test-method> <!-- leads_002 -->
        <test-method is-config="true" signature="logoutOperation()[pri:0, instance:tcRepo.TC_002@5c5eefef]" started-at="2025-03-24T23:11:18 IST" name="logoutOperation" finished-at="2025-03-24T23:11:23 IST" duration-ms="5213" status="PASS">
          <reporter-output>
          </reporter-output>
        </test-method> <!-- logoutOperation -->
        <test-method is-config="true" signature="closeBrowser()[pri:0, instance:tcRepo.TC_002@5c5eefef]" started-at="2025-03-24T23:11:23 IST" name="closeBrowser" finished-at="2025-03-24T23:11:24 IST" duration-ms="682" status="PASS">
          <reporter-output>
          </reporter-output>
        </test-method> <!-- closeBrowser -->
        <test-method is-config="true" signature="closeDBConnection()[pri:0, instance:tcRepo.TC_002@5c5eefef]" started-at="2025-03-24T23:11:25 IST" name="closeDBConnection" finished-at="2025-03-24T23:11:25 IST" duration-ms="8" status="PASS">
          <reporter-output>
          </reporter-output>
        </test-method> <!-- closeDBConnection -->
      </class> <!-- tcRepo.TC_002 -->
    </test> <!-- Default test -->
  </suite> <!-- Default suite -->
</testng-results>
