<?xml version="1.0" encoding="UTF-8"?>
<!-- Generated by org.testng.reporters.JUnitXMLReporter -->
<testsuite ignored="2" hostname="DESKTOP-CFS2EAU" failures="0" tests="2" name="Test2" time="97.268" errors="0" timestamp="2025-02-01T23:45:54 IST">
  <testcase classname="tcRepo.TC_001" name="leads_001" time="28.573"/>
  <testcase classname="tcRepo.TC_002" name="leads_002" time="25.466"/>
  <testcase classname="genericUtility.BaseClass" name="@AfterSuite dbConnectionClose" time="0.0">
    <ignored/>
  </testcase> <!-- @AfterSuite dbConnectionClose -->
  <testcase classname="genericUtility.BaseClass" name="@BeforeSuite dbConnection" time="0.0">
    <ignored/>
  </testcase> <!-- @BeforeSuite dbConnection -->
</testsuite> <!-- Test2 -->
